# JRE version: 7.0_21-b11
# Java VM: Java HotSpot(TM) Client VM (23.21-b01 mixed mode, sharing windows-x86 )
Heap
 def new generation   total 4928K, used 715K [0x22b50000, 0x230a0000, 0x280a0000)
  eden space 4416K,   4% used [0x22b50000, 0x22b82f98, 0x22fa0000)
  from space 512K,  99% used [0x22fa0000, 0x2301fff8, 0x23020000)
  to   space 512K,   0% used [0x23020000, 0x23020000, 0x230a0000)
 tenured generation   total 10944K, used 1700K [0x280a0000, 0x28b50000, 0x32b50000)
   the space 10944K,  15% used [0x280a0000, 0x28249288, 0x28249400, 0x28b50000)
 compacting perm gen  total 12288K, used 2014K [0x32b50000, 0x33750000, 0x36b50000)
   the space 12288K,  16% used [0x32b50000, 0x32d47918, 0x32d47a00, 0x33750000)
    ro space 10240K,  45% used [0x36b50000, 0x36fd7988, 0x36fd7a00, 0x37550000)
    rw space 12288K,  54% used [0x37550000, 0x37bdb5d8, 0x37bdb600, 0x38150000)
GC Heap History (4 events):
Event: 6.924 GC heap before
{Heap before GC invocations=0 (full 0):
 def new generation   total 4928K, used 4416K [0x22b50000, 0x230a0000, 0x280a0000)
  eden space 4416K, 100% used [0x22b50000, 0x22fa0000, 0x22fa0000)
  from space 512K,   0% used [0x22fa0000, 0x22fa0000, 0x23020000)
  to   space 512K,   0% used [0x23020000, 0x23020000, 0x230a0000)
 tenured generation   total 10944K, used 0K [0x280a0000, 0x28b50000, 0x32b50000)
   the space 10944K,   0% used [0x280a0000, 0x280a0000, 0x280a0200, 0x28b50000)
 compacting perm gen  total 12288K, used 1192K [0x32b50000, 0x33750000, 0x36b50000)
   the space 12288K,   9% used [0x32b50000, 0x32c7a2d0, 0x32c7a400, 0x33750000)
    ro space 10240K,  45% used [0x36b50000, 0x36fd7988, 0x36fd7a00, 0x37550000)
    rw space 12288K,  54% used [0x37550000, 0x37bdb5d8, 0x37bdb600, 0x38150000)
Event: 6.929 GC heap after
Heap after GC invocations=1 (full 0):
 def new generation   total 4928K, used 512K [0x22b50000, 0x230a0000, 0x280a0000)
  eden space 4416K,   0% used [0x22b50000, 0x22b50000, 0x22fa0000)
  from space 512K, 100% used [0x23020000, 0x230a0000, 0x230a0000)
  to   space 512K,   0% used [0x22fa0000, 0x22fa0000, 0x23020000)
 tenured generation   total 10944K, used 835K [0x280a0000, 0x28b50000, 0x32b50000)
   the space 10944K,   7% used [0x280a0000, 0x28170f20, 0x28171000, 0x28b50000)
 compacting perm gen  total 12288K, used 1192K [0x32b50000, 0x33750000, 0x36b50000)
   the space 12288K,   9% used [0x32b50000, 0x32c7a2d0, 0x32c7a400, 0x33750000)
    ro space 10240K,  45% used [0x36b50000, 0x36fd7988, 0x36fd7a00, 0x37550000)
    rw space 12288K,  54% used [0x37550000, 0x37bdb5d8, 0x37bdb600, 0x38150000)
}
Event: 15.523 GC heap before
{Heap before GC invocations=1 (full 0):
 def new generation   total 4928K, used 4928K [0x22b50000, 0x230a0000, 0x280a0000)
  eden space 4416K, 100% used [0x22b50000, 0x22fa0000, 0x22fa0000)
  from space 512K, 100% used [0x23020000, 0x230a0000, 0x230a0000)
  to   space 512K,   0% used [0x22fa0000, 0x22fa0000, 0x23020000)
 tenured generation   total 10944K, used 835K [0x280a0000, 0x28b50000, 0x32b50000)
   the space 10944K,   7% used [0x280a0000, 0x28170f20, 0x28171000, 0x28b50000)
 compacting perm gen  total 12288K, used 2012K [0x32b50000, 0x33750000, 0x36b50000)
   the space 12288K,  16% used [0x32b50000, 0x32d47200, 0x32d47200, 0x33750000)
    ro space 10240K,  45% used [0x36b50000, 0x36fd7988, 0x36fd7a00, 0x37550000)
    rw space 12288K,  54% used [0x37550000, 0x37bdb5d8, 0x37bdb600, 0x38150000)
Event: 15.527 GC heap after
Heap after GC invocations=2 (full 0):
 def new generation   total 4928K, used 511K [0x22b50000, 0x230a0000, 0x280a0000)
  eden space 4416K,   0% used [0x22b50000, 0x22b50000, 0x22fa0000)
  from space 512K,  99% used [0x22fa0000, 0x2301fff8, 0x23020000)
  to   space 512K,   0% used [0x23020000, 0x23020000, 0x230a0000)
 tenured generation   total 10944K, used 1700K [0x280a0000, 0x28b50000, 0x32b50000)
   the space 10944K,  15% used [0x280a0000, 0x28249288, 0x28249400, 0x28b50000)
 compacting perm gen  total 12288K, used 2012K [0x32b50000, 0x33750000, 0x36b50000)
   the space 12288K,  16% used [0x32b50000, 0x32d47200, 0x32d47200, 0x33750000)
    ro space 10240K,  45% used [0x36b50000, 0x36fd7988, 0x36fd7a00, 0x37550000)
    rw space 12288K,  54% used [0x37550000, 0x37bdb5d8, 0x37bdb600, 0x38150000)
}

