# JRE version: 7.0_21-b11
# Java VM: Java HotSpot(TM) Client VM (23.21-b01 mixed mode, sharing windows-x86 )
Heap
 def new generation   total 4928K, used 714K [0x22b50000, 0x230a0000, 0x280a0000)
  eden space 4416K,   4% used [0x22b50000, 0x22b82b10, 0x22fa0000)
  from space 512K,  99% used [0x22fa0000, 0x2301fff8, 0x23020000)
  to   space 512K,   0% used [0x23020000, 0x23020000, 0x230a0000)
 tenured generation   total 10944K, used 1693K [0x280a0000, 0x28b50000, 0x32b50000)
   the space 10944K,  15% used [0x280a0000, 0x28247758, 0x28247800, 0x28b50000)
 compacting perm gen  total 12288K, used 1998K [0x32b50000, 0x33750000, 0x36b50000)
   the space 12288K,  16% used [0x32b50000, 0x32d43920, 0x32d43a00, 0x33750000)
    ro space 10240K,  45% used [0x36b50000, 0x36fd7988, 0x36fd7a00, 0x37550000)
    rw space 12288K,  54% used [0x37550000, 0x37bdb5d8, 0x37bdb600, 0x38150000)
GC Heap History (4 events):
Event: 1.212 GC heap before
{Heap before GC invocations=0 (full 0):
 def new generation   total 4928K, used 4416K [0x22b50000, 0x230a0000, 0x280a0000)
  eden space 4416K, 100% used [0x22b50000, 0x22fa0000, 0x22fa0000)
  from space 512K,   0% used [0x22fa0000, 0x22fa0000, 0x23020000)
  to   space 512K,   0% used [0x23020000, 0x23020000, 0x230a0000)
 tenured generation   total 10944K, used 0K [0x280a0000, 0x28b50000, 0x32b50000)
   the space 10944K,   0% used [0x280a0000, 0x280a0000, 0x280a0200, 0x28b50000)
 compacting perm gen  total 12288K, used 1130K [0x32b50000, 0x33750000, 0x36b50000)
   the space 12288K,   9% used [0x32b50000, 0x32c6a980, 0x32c6aa00, 0x33750000)
    ro space 10240K,  45% used [0x36b50000, 0x36fd7988, 0x36fd7a00, 0x37550000)
    rw space 12288K,  54% used [0x37550000, 0x37bdb5d8, 0x37bdb600, 0x38150000)
Event: 1.217 GC heap after
Heap after GC invocations=1 (full 0):
 def new generation   total 4928K, used 512K [0x22b50000, 0x230a0000, 0x280a0000)
  eden space 4416K,   0% used [0x22b50000, 0x22b50000, 0x22fa0000)
  from space 512K, 100% used [0x23020000, 0x230a0000, 0x230a0000)
  to   space 512K,   0% used [0x22fa0000, 0x22fa0000, 0x23020000)
 tenured generation   total 10944K, used 791K [0x280a0000, 0x28b50000, 0x32b50000)
   the space 10944K,   7% used [0x280a0000, 0x28165ff0, 0x28166000, 0x28b50000)
 compacting perm gen  total 12288K, used 1130K [0x32b50000, 0x33750000, 0x36b50000)
   the space 12288K,   9% used [0x32b50000, 0x32c6a980, 0x32c6aa00, 0x33750000)
    ro space 10240K,  45% used [0x36b50000, 0x36fd7988, 0x36fd7a00, 0x37550000)
    rw space 12288K,  54% used [0x37550000, 0x37bdb5d8, 0x37bdb600, 0x38150000)
}
Event: 3.212 GC heap before
{Heap before GC invocations=1 (full 0):
 def new generation   total 4928K, used 4928K [0x22b50000, 0x230a0000, 0x280a0000)
  eden space 4416K, 100% used [0x22b50000, 0x22fa0000, 0x22fa0000)
  from space 512K, 100% used [0x23020000, 0x230a0000, 0x230a0000)
  to   space 512K,   0% used [0x22fa0000, 0x22fa0000, 0x23020000)
 tenured generation   total 10944K, used 791K [0x280a0000, 0x28b50000, 0x32b50000)
   the space 10944K,   7% used [0x280a0000, 0x28165ff0, 0x28166000, 0x28b50000)
 compacting perm gen  total 12288K, used 1996K [0x32b50000, 0x33750000, 0x36b50000)
   the space 12288K,  16% used [0x32b50000, 0x32d43208, 0x32d43400, 0x33750000)
    ro space 10240K,  45% used [0x36b50000, 0x36fd7988, 0x36fd7a00, 0x37550000)
    rw space 12288K,  54% used [0x37550000, 0x37bdb5d8, 0x37bdb600, 0x38150000)
Event: 3.216 GC heap after
Heap after GC invocations=2 (full 0):
 def new generation   total 4928K, used 511K [0x22b50000, 0x230a0000, 0x280a0000)
  eden space 4416K,   0% used [0x22b50000, 0x22b50000, 0x22fa0000)
  from space 512K,  99% used [0x22fa0000, 0x2301fff8, 0x23020000)
  to   space 512K,   0% used [0x23020000, 0x23020000, 0x230a0000)
 tenured generation   total 10944K, used 1693K [0x280a0000, 0x28b50000, 0x32b50000)
   the space 10944K,  15% used [0x280a0000, 0x28247758, 0x28247800, 0x28b50000)
 compacting perm gen  total 12288K, used 1996K [0x32b50000, 0x33750000, 0x36b50000)
   the space 12288K,  16% used [0x32b50000, 0x32d43208, 0x32d43400, 0x33750000)
    ro space 10240K,  45% used [0x36b50000, 0x36fd7988, 0x36fd7a00, 0x37550000)
    rw space 12288K,  54% used [0x37550000, 0x37bdb5d8, 0x37bdb600, 0x38150000)
}

