# JRE version: Java(TM) SE Runtime Environment (8.0-b132) (build 1.8.0-b132)
# Java VM: Java HotSpot(TM) 64-Bit Server VM (25.0-b70 mixed mode linux-amd64 compressed oops)
Heap:
 PSYoungGen      total 2560K, used 2553K [0x00000000d7200000, 0x00000000d7500000, 0x0000000100000000)
  eden space 2048K, 99% used [0x00000000d7200000,0x00000000d73fe770,0x00000000d7400000)
  from space 512K, 100% used [0x00000000d7480000,0x00000000d7500000,0x00000000d7500000)
  to   space 512K, 0% used [0x00000000d7400000,0x00000000d7400000,0x00000000d7480000)
 ParOldGen       total 125440K, used 1014K [0x0000000085600000, 0x000000008d080000, 0x00000000d7200000)
  object space 125440K, 0% used [0x0000000085600000,0x00000000856fdb30,0x000000008d080000)
 Metaspace       used 8400K, capacity 8482K, committed 8576K, reserved 1056768K
  class space    used 1049K, capacity 1098K, committed 1152K, reserved 1048576K
GC Heap History (8 events):
Event: 0.042 GC heap before
{Heap before GC invocations=1 (full 0):
 PSYoungGen      total 1024K, used 512K [0x00000000d7200000, 0x00000000d7380000, 0x0000000100000000)
  eden space 512K, 100% used [0x00000000d7200000,0x00000000d7280000,0x00000000d7280000)
  from space 512K, 0% used [0x00000000d7300000,0x00000000d7300000,0x00000000d7380000)
  to   space 512K, 0% used [0x00000000d7280000,0x00000000d7280000,0x00000000d7300000)
 ParOldGen       total 125440K, used 0K [0x0000000085600000, 0x000000008d080000, 0x00000000d7200000)
  object space 125440K, 0% used [0x0000000085600000,0x0000000085600000,0x000000008d080000)
 Metaspace       used 2985K, capacity 4522K, committed 4864K, reserved 1056768K
  class space    used 323K, capacity 418K, committed 512K, reserved 1048576K
Event: 0.042 GC heap after
Heap after GC invocations=1 (full 0):
 PSYoungGen      total 1024K, used 432K [0x00000000d7200000, 0x00000000d7400000, 0x0000000100000000)
  eden space 512K, 0% used [0x00000000d7200000,0x00000000d7200000,0x00000000d7280000)
  from space 512K, 84% used [0x00000000d7280000,0x00000000d72ec010,0x00000000d7300000)
  to   space 512K, 0% used [0x00000000d7380000,0x00000000d7380000,0x00000000d7400000)
 ParOldGen       total 125440K, used 8K [0x0000000085600000, 0x000000008d080000, 0x00000000d7200000)
  object space 125440K, 0% used [0x0000000085600000,0x0000000085602000,0x000000008d080000)
 Metaspace       used 2985K, capacity 4522K, committed 4864K, reserved 1056768K
  class space    used 323K, capacity 418K, committed 512K, reserved 1048576K
}
Event: 0.054 GC heap before
{Heap before GC invocations=2 (full 0):
 PSYoungGen      total 1024K, used 944K [0x00000000d7200000, 0x00000000d7400000, 0x0000000100000000)
  eden space 512K, 100% used [0x00000000d7200000,0x00000000d7280000,0x00000000d7280000)
  from space 512K, 84% used [0x00000000d7280000,0x00000000d72ec010,0x00000000d7300000)
  to   space 512K, 0% used [0x00000000d7380000,0x00000000d7380000,0x00000000d7400000)
 ParOldGen       total 125440K, used 8K [0x0000000085600000, 0x000000008d080000, 0x00000000d7200000)
  object space 125440K, 0% used [0x0000000085600000,0x0000000085602000,0x000000008d080000)
 Metaspace       used 3200K, capacity 4522K, committed 4864K, reserved 1056768K
  class space    used 349K, capacity 418K, committed 512K, reserved 1048576K
Event: 0.054 GC heap after
Heap after GC invocations=2 (full 0):
 PSYoungGen      total 1536K, used 496K [0x00000000d7200000, 0x00000000d7400000, 0x0000000100000000)
  eden space 1024K, 0% used [0x00000000d7200000,0x00000000d7200000,0x00000000d7300000)
  from space 512K, 96% used [0x00000000d7380000,0x00000000d73fc010,0x00000000d7400000)
  to   space 512K, 0% used [0x00000000d7300000,0x00000000d7300000,0x00000000d7380000)
 ParOldGen       total 125440K, used 115K [0x0000000085600000, 0x000000008d080000, 0x00000000d7200000)
  object space 125440K, 0% used [0x0000000085600000,0x000000008561cdf8,0x000000008d080000)
 Metaspace       used 3200K, capacity 4522K, committed 4864K, reserved 1056768K
  class space    used 349K, capacity 418K, committed 512K, reserved 1048576K
}
Event: 0.175 GC heap before
{Heap before GC invocations=3 (full 0):
 PSYoungGen      total 1536K, used 1520K [0x00000000d7200000, 0x00000000d7400000, 0x0000000100000000)
  eden space 1024K, 100% used [0x00000000d7200000,0x00000000d7300000,0x00000000d7300000)
  from space 512K, 96% used [0x00000000d7380000,0x00000000d73fc010,0x00000000d7400000)
  to   space 512K, 0% used [0x00000000d7300000,0x00000000d7300000,0x00000000d7380000)
 ParOldGen       total 125440K, used 115K [0x0000000085600000, 0x000000008d080000, 0x00000000d7200000)
  object space 125440K, 0% used [0x0000000085600000,0x000000008561cdf8,0x000000008d080000)
 Metaspace       used 6372K, capacity 6498K, committed 6656K, reserved 1056768K
  class space    used 693K, capacity 714K, committed 768K, reserved 1048576K
Event: 0.177 GC heap after
Heap after GC invocations=3 (full 0):
 PSYoungGen      total 1536K, used 480K [0x00000000d7200000, 0x00000000d7500000, 0x0000000100000000)
  eden space 1024K, 0% used [0x00000000d7200000,0x00000000d7200000,0x00000000d7300000)
  from space 512K, 93% used [0x00000000d7300000,0x00000000d7378020,0x00000000d7380000)
  to   space 512K, 0% used [0x00000000d7480000,0x00000000d7480000,0x00000000d7500000)
 ParOldGen       total 125440K, used 718K [0x0000000085600000, 0x000000008d080000, 0x00000000d7200000)
  object space 125440K, 0% used [0x0000000085600000,0x00000000856b3ae0,0x000000008d080000)
 Metaspace       used 6372K, capacity 6498K, committed 6656K, reserved 1056768K
  class space    used 693K, capacity 714K, committed 768K, reserved 1048576K
}
Event: 0.214 GC heap before
{Heap before GC invocations=4 (full 0):
 PSYoungGen      total 1536K, used 1504K [0x00000000d7200000, 0x00000000d7500000, 0x0000000100000000)
  eden space 1024K, 100% used [0x00000000d7200000,0x00000000d7300000,0x00000000d7300000)
  from space 512K, 93% used [0x00000000d7300000,0x00000000d7378020,0x00000000d7380000)
  to   space 512K, 0% used [0x00000000d7480000,0x00000000d7480000,0x00000000d7500000)
 ParOldGen       total 125440K, used 718K [0x0000000085600000, 0x000000008d080000, 0x00000000d7200000)
  object space 125440K, 0% used [0x0000000085600000,0x00000000856b3ae0,0x000000008d080000)
 Metaspace       used 6762K, capacity 6882K, committed 7040K, reserved 1056768K
  class space    used 744K, capacity 778K, committed 896K, reserved 1048576K
Event: 0.215 GC heap after
Heap after GC invocations=4 (full 0):
 PSYoungGen      total 2560K, used 512K [0x00000000d7200000, 0x00000000d7500000, 0x0000000100000000)
  eden space 2048K, 0% used [0x00000000d7200000,0x00000000d7200000,0x00000000d7400000)
  from space 512K, 100% used [0x00000000d7480000,0x00000000d7500000,0x00000000d7500000)
  to   space 512K, 0% used [0x00000000d7400000,0x00000000d7400000,0x00000000d7480000)
 ParOldGen       total 125440K, used 1014K [0x0000000085600000, 0x000000008d080000, 0x00000000d7200000)
  object space 125440K, 0% used [0x0000000085600000,0x00000000856fdb30,0x000000008d080000)
 Metaspace       used 6762K, capacity 6882K, committed 7040K, reserved 1056768K
  class space    used 744K, capacity 778K, committed 896K, reserved 1048576K
}

